params: 16.0M
/NHNHOME/WORKSPACE/26msit001_A/jinhyeok/envs/lvsm/lib/python3.12/site-packages/torch/nn/functional.py:2954: UserWarning: Mismatch dtype between input and weight: input dtype = c10::BFloat16, weight dtype = float, Cannot dispatch to fused implementation. (Triggered internally at /pytorch/aten/src/ATen/native/layer_norm.cpp:344.)
  return torch.rms_norm(input, normalized_shape, weight, eps)
Iter 000100 loss 9.8762 it/s 6.63
Iter 000200 loss 8.7165 it/s 8.91
Iter 000300 loss 7.4506 it/s 9.10
Iter 000400 loss 6.8242 it/s 8.72
Iter 000500 loss 6.5951 it/s 8.75
Iter 000600 loss 6.3466 it/s 8.56
Iter 000700 loss 6.3654 it/s 8.57
Iter 000800 loss 6.1869 it/s 8.63
Iter 000900 loss 6.0080 it/s 8.44
Iter 001000 loss 6.0096 it/s 8.72
Iter 001100 loss 5.9232 it/s 8.43
Iter 001200 loss 5.7712 it/s 8.90
Iter 001300 loss 5.7592 it/s 8.74
Iter 001400 loss 5.7713 it/s 8.55
Iter 001500 loss 5.7496 it/s 8.74
Iter 001600 loss 5.5648 it/s 8.89
Iter 001700 loss 5.4013 it/s 8.83
Iter 001800 loss 5.5757 it/s 8.91
Iter 001900 loss 5.4570 it/s 8.83
Iter 002000 loss 5.3582 it/s 8.86
Iter 002100 loss 5.2573 it/s 9.08
Iter 002200 loss 5.3428 it/s 8.83
Iter 002300 loss 5.2128 it/s 9.02
Iter 002400 loss 5.3830 it/s 9.17
Iter 002500 loss 5.4378 it/s 8.98
Iter 002600 loss 5.3527 it/s 9.10
Iter 002700 loss 5.3243 it/s 9.05
Iter 002800 loss 5.2252 it/s 9.03
Iter 002900 loss 5.2790 it/s 9.02
Iter 003000 loss 5.0159 it/s 8.88
Iter 003000 VAL loss 5.0501 ppl 156.04
Iter 003100 loss 5.0750 it/s 3.28
Iter 003200 loss 5.1604 it/s 9.08
Iter 003300 loss 5.0362 it/s 8.71
Iter 003400 loss 4.9313 it/s 9.24
Iter 003500 loss 4.7671 it/s 8.75
Iter 003600 loss 4.8089 it/s 8.95
Iter 003700 loss 4.9780 it/s 8.91
Iter 003800 loss 4.8226 it/s 8.85
Iter 003900 loss 4.9011 it/s 8.98
Iter 004000 loss 4.8226 it/s 8.98
Iter 004100 loss 4.8663 it/s 9.17
Iter 004200 loss 4.9674 it/s 8.81
Iter 004300 loss 4.8720 it/s 9.11
Iter 004400 loss 4.7935 it/s 9.12
Iter 004500 loss 5.0504 it/s 8.74
Iter 004600 loss 4.7957 it/s 9.04
Iter 004700 loss 4.8757 it/s 8.50
Iter 004800 loss 4.6660 it/s 9.12
Iter 004900 loss 4.6846 it/s 8.89
Iter 005000 loss 4.9039 it/s 8.97
Iter 005100 loss 4.8169 it/s 9.12
Iter 005200 loss 4.8561 it/s 9.05
Iter 005300 loss 4.5813 it/s 9.43
Iter 005400 loss 4.6137 it/s 8.97
Iter 005500 loss 4.5507 it/s 9.26
Iter 005600 loss 4.8208 it/s 9.26
Iter 005700 loss 4.7261 it/s 9.26
Iter 005800 loss 4.6119 it/s 9.38
Iter 005900 loss 4.5869 it/s 9.24
Iter 006000 loss 4.7493 it/s 9.11
Iter 006000 VAL loss 4.5614 ppl 95.72
Iter 006100 loss 4.5282 it/s 7.41
Iter 006200 loss 4.5727 it/s 9.30
Iter 006300 loss 4.5128 it/s 9.22
Iter 006400 loss 4.6176 it/s 9.23
Iter 006500 loss 4.6600 it/s 9.28
Iter 006600 loss 4.6816 it/s 9.07
Iter 006700 loss 4.5373 it/s 9.45
Iter 006800 loss 4.3994 it/s 9.09
Iter 006900 loss 4.6941 it/s 9.06
Iter 007000 loss 4.2321 it/s 9.14
Iter 007100 loss 4.4258 it/s 9.13
Iter 007200 loss 4.6247 it/s 9.65
Iter 007300 loss 4.5048 it/s 9.15
Iter 007400 loss 4.5084 it/s 9.10
Iter 007500 loss 4.5007 it/s 9.04
Iter 007600 loss 4.4398 it/s 9.11
Iter 007700 loss 4.4843 it/s 9.07
Iter 007800 loss 4.4918 it/s 9.28
Iter 007900 loss 4.6117 it/s 9.08
Iter 008000 loss 4.6290 it/s 8.99
Iter 008100 loss 4.6351 it/s 9.04
Iter 008200 loss 4.4094 it/s 9.30
Iter 008300 loss 4.3602 it/s 9.10
Iter 008400 loss 4.4692 it/s 9.47
Iter 008500 loss 4.5229 it/s 8.87
Iter 008600 loss 4.2707 it/s 9.42
Iter 008700 loss 4.3529 it/s 9.28
Iter 008800 loss 4.6235 it/s 9.14
Iter 008900 loss 4.3534 it/s 9.29
Iter 009000 loss 4.1970 it/s 9.16
Iter 009000 VAL loss 4.3652 ppl 78.67
Iter 009100 loss 4.3414 it/s 7.88
Iter 009200 loss 4.3570 it/s 9.27
Iter 009300 loss 4.3440 it/s 9.24
Iter 009400 loss 4.3711 it/s 9.19
Iter 009500 loss 4.4680 it/s 9.14
Iter 009600 loss 4.1666 it/s 9.69
Iter 009700 loss 4.2158 it/s 9.23
Iter 009800 loss 4.4827 it/s 9.36
Iter 009900 loss 4.3065 it/s 9.17
Iter 010000 loss 4.2228 it/s 8.98
Iter 010100 loss 4.3134 it/s 9.21
Iter 010200 loss 4.2833 it/s 9.41
Iter 010300 loss 4.3781 it/s 9.19
Iter 010400 loss 4.4378 it/s 8.48
Iter 010500 loss 4.4282 it/s 9.43
Iter 010600 loss 4.3782 it/s 9.23
Iter 010700 loss 4.3577 it/s 9.05
Iter 010800 loss 4.3460 it/s 9.28
Iter 010900 loss 4.4208 it/s 9.08
Iter 011000 loss 4.3340 it/s 9.44
Iter 011100 loss 4.5280 it/s 9.14
Iter 011200 loss 4.2945 it/s 9.26
Iter 011300 loss 4.4695 it/s 9.26
Iter 011400 loss 4.3036 it/s 9.12
Iter 011500 loss 4.4732 it/s 9.40
Iter 011600 loss 4.2185 it/s 9.04
Iter 011700 loss 4.3358 it/s 8.90
Iter 011800 loss 4.5151 it/s 9.38
Iter 011900 loss 4.2316 it/s 9.09
Iter 012000 loss 4.3579 it/s 9.18
Iter 012000 VAL loss 4.3101 ppl 74.45
FINAL {"expname": "lm_naive_s95", "val_loss": 4.310129769146442, "ppl": 74.4501496458732, "params_M": 16.015622, "steps": 12000, "tokens": 196608000}
