params: 16.0M
optzone: 12 per-loop params -> wd=0, lr x64.0
/NHNHOME/WORKSPACE/26msit001_A/jinhyeok/envs/lvsm/lib/python3.12/site-packages/torch/nn/functional.py:2954: UserWarning: Mismatch dtype between input and weight: input dtype = c10::BFloat16, weight dtype = float, Cannot dispatch to fused implementation. (Triggered internally at /pytorch/aten/src/ATen/native/layer_norm.cpp:344.)
  return torch.rms_norm(input, normalized_shape, weight, eps)
Iter 000100 loss 9.8111 it/s 6.43
Iter 000200 loss 8.6469 it/s 8.37
Iter 000300 loss 7.4018 it/s 8.34
Iter 000400 loss 6.8069 it/s 8.26
Iter 000500 loss 6.5792 it/s 8.51
Iter 000600 loss 6.3354 it/s 8.35
Iter 000700 loss 6.3621 it/s 8.35
Iter 000800 loss 6.1862 it/s 8.43
Iter 000900 loss 6.0130 it/s 8.29
Iter 001000 loss 6.0214 it/s 8.40
Iter 001100 loss 5.9269 it/s 8.38
Iter 001200 loss 5.7859 it/s 8.31
Iter 001300 loss 5.7709 it/s 8.33
Iter 001400 loss 5.7608 it/s 8.32
Iter 001500 loss 5.7343 it/s 8.49
Iter 001600 loss 5.5406 it/s 8.61
Iter 001700 loss 5.3778 it/s 8.39
Iter 001800 loss 5.5372 it/s 8.35
Iter 001900 loss 5.4309 it/s 8.48
Iter 002000 loss 5.3130 it/s 8.50
Iter 002100 loss 5.1881 it/s 8.50
Iter 002200 loss 5.2547 it/s 8.56
Iter 002300 loss 5.1164 it/s 8.60
Iter 002400 loss 5.3019 it/s 8.38
Iter 002500 loss 5.3427 it/s 8.60
Iter 002600 loss 5.2581 it/s 8.49
Iter 002700 loss 5.2056 it/s 8.58
Iter 002800 loss 5.1015 it/s 8.49
Iter 002900 loss 5.1641 it/s 8.40
Iter 003000 loss 4.9034 it/s 8.49
Iter 003000 VAL loss 4.9344 ppl 138.99
Iter 003100 loss 4.9808 it/s 3.90
Iter 003200 loss 5.0429 it/s 8.23
Iter 003300 loss 4.9255 it/s 8.44
Iter 003400 loss 4.8129 it/s 8.33
Iter 003500 loss 4.6545 it/s 8.33
Iter 003600 loss 4.6982 it/s 8.24
Iter 003700 loss 4.8612 it/s 8.38
Iter 003800 loss 4.7047 it/s 8.58
Iter 003900 loss 4.7782 it/s 8.34
Iter 004000 loss 4.7057 it/s 8.35
Iter 004100 loss 4.7441 it/s 8.29
Iter 004200 loss 4.8382 it/s 8.24
Iter 004300 loss 4.7519 it/s 8.30
Iter 004400 loss 4.6747 it/s 8.61
Iter 004500 loss 4.9129 it/s 8.27
Iter 004600 loss 4.6593 it/s 8.51
Iter 004700 loss 4.7073 it/s 8.41
Iter 004800 loss 4.5265 it/s 8.44
Iter 004900 loss 4.5117 it/s 8.30
Iter 005000 loss 4.7497 it/s 8.43
Iter 005100 loss 4.5560 it/s 8.57
Iter 005200 loss 4.6524 it/s 8.63
Iter 005300 loss 4.4149 it/s 8.67
Iter 005400 loss 4.3985 it/s 8.62
Iter 005500 loss 4.3399 it/s 8.58
Iter 005600 loss 4.5850 it/s 8.63
Iter 005700 loss 4.4718 it/s 8.49
Iter 005800 loss 4.3768 it/s 8.83
Iter 005900 loss 4.3580 it/s 8.48
Iter 006000 loss 4.5558 it/s 8.47
Iter 006000 VAL loss 4.3462 ppl 77.18
Iter 006100 loss 4.3285 it/s 7.05
Iter 006200 loss 4.3589 it/s 8.47
Iter 006300 loss 4.2752 it/s 8.46
Iter 006400 loss 4.4196 it/s 8.42
Iter 006500 loss 4.4316 it/s 8.38
Iter 006600 loss 4.4489 it/s 8.80
Iter 006700 loss 4.3076 it/s 8.59
Iter 006800 loss 4.1618 it/s 8.62
Iter 006900 loss 4.4678 it/s 8.48
Iter 007000 loss 4.0243 it/s 8.43
Iter 007100 loss 4.2004 it/s 8.50
Iter 007200 loss 4.3845 it/s 8.88
Iter 007300 loss 4.2260 it/s 8.67
Iter 007400 loss 4.2755 it/s 8.11
Iter 007500 loss 4.2537 it/s 8.66
Iter 007600 loss 4.1926 it/s 8.36
Iter 007700 loss 4.2214 it/s 8.47
Iter 007800 loss 4.2304 it/s 8.52
Iter 007900 loss 4.3495 it/s 8.44
Iter 008000 loss 4.3505 it/s 8.73
Iter 008100 loss 4.3405 it/s 8.43
Iter 008200 loss 4.1705 it/s 8.66
Iter 008300 loss 4.1493 it/s 8.37
Iter 008400 loss 4.1956 it/s 8.66
Iter 008500 loss 4.2599 it/s 8.48
Iter 008600 loss 3.9979 it/s 8.37
Iter 008700 loss 4.0867 it/s 8.49
Iter 008800 loss 4.4001 it/s 8.54
Iter 008900 loss 4.1173 it/s 8.83
Iter 009000 loss 3.9759 it/s 8.54
Iter 009000 VAL loss 4.1324 ppl 62.33
Iter 009100 loss 4.1086 it/s 7.09
Iter 009200 loss 4.0931 it/s 8.48
Iter 009300 loss 4.1345 it/s 8.47
Iter 009400 loss 4.1544 it/s 8.74
Iter 009500 loss 4.1939 it/s 8.61
Iter 009600 loss 3.9523 it/s 8.46
Iter 009700 loss 3.9640 it/s 8.53
Iter 009800 loss 4.2089 it/s 8.41
Iter 009900 loss 4.0890 it/s 8.45
Iter 010000 loss 4.0089 it/s 8.48
Iter 010100 loss 4.1012 it/s 8.47
Iter 010200 loss 4.0641 it/s 8.49
Iter 010300 loss 4.1377 it/s 8.65
Iter 010400 loss 4.2116 it/s 8.48
Iter 010500 loss 4.1861 it/s 8.47
Iter 010600 loss 4.1433 it/s 8.67
Iter 010700 loss 4.1501 it/s 8.51
Iter 010800 loss 4.0780 it/s 8.43
Iter 010900 loss 4.1789 it/s 8.63
Iter 011000 loss 4.0273 it/s 8.43
Iter 011100 loss 4.2657 it/s 8.47
Iter 011200 loss 4.0789 it/s 8.38
Iter 011300 loss 4.2251 it/s 8.45
Iter 011400 loss 4.1018 it/s 8.38
Iter 011500 loss 4.1986 it/s 8.68
Iter 011600 loss 3.9792 it/s 8.43
Iter 011700 loss 4.0934 it/s 8.85
Iter 011800 loss 4.3057 it/s 8.55
Iter 011900 loss 4.0088 it/s 8.49
Iter 012000 loss 4.1491 it/s 8.65
Iter 012000 VAL loss 4.0799 ppl 59.14
FINAL {"expname": "lm_affine_s95", "val_loss": 4.079945482313633, "ppl": 59.142245463600794, "params_M": 16.04839, "steps": 12000, "tokens": 196608000}
