EXIT 0 r1_lact_l2_s95
CHAIN_DONE r1_lact_l2_s95 PSNR: 19.719
EXIT 0 r1_loop_l2x4_carry_s95
CHAIN_DONE r1_loop_l2x4_carry_s95 PSNR: 21.751
EXIT 0 r1_lact_l8_s95
CHAIN_DONE r1_lact_l8_s95 PSNR: 21.955
EXIT 0 r1_loop_l2x4_s95
CHAIN_DONE r1_loop_l2x4_s95 PSNR: 22.204
EXIT 0 r2_loop_l2x4_carry_lrs_s95
CHAIN_DONE r2_loop_l2x4_carry_lrs_s95 PSNR: 21.759
EXIT 0 r2_loop_l2x4_carry_delta_s95
EXIT 0 r2_loop_l2x4_carry_rho_s95
CHAIN_DONE r2_loop_l2x4_carry_delta_s95 PSNR: 21.984
CHAIN_DONE r2_loop_l2x4_carry_rho_s95 PSNR: 21.727
EXIT 0 r2_loop_l2x4_inject_s95
CHAIN_DONE r2_loop_l2x4_inject_s95 PSNR: 22.149
EXIT 0 r1_loop_l2x4_s96
CHAIN_DONE r1_loop_l2x4_s96 PSNR: 22.088
EXIT 0 r1_lact_l8_s96
EXIT 0 r1_loop_l2x4_s97
CHAIN_DONE r1_lact_l8_s96 PSNR: 22.165
CHAIN_DONE r1_loop_l2x4_s97 PSNR: 22.060
EXIT 0 r1_lact_l8_s97
CHAIN_DONE r1_lact_l8_s97 PSNR: 22.174
EXIT 0 r3_loop_l2x4_carry_rho2_s95
CHAIN_DONE r3_loop_l2x4_carry_rho2_s95 PSNR: 21.789
EXIT 0 r3_loop_l1x8_s95
CHAIN_DONE r3_loop_l1x8_s95 PSNR: 22.007
EXIT 0 r3_loop_l2x4_delta_s95
CHAIN_DONE r3_loop_l2x4_delta_s95 PSNR: 22.260
EXIT 0 r3_loop_l4x2_s95
CHAIN_DONE r3_loop_l4x2_s95 PSNR: 22.077
EXIT 0 r4_loop_l2x4_sup_s95
CHAIN_DONE r4_loop_l2x4_sup_s95 PSNR: 22.287
EXIT 0 r3_loop_l2x4_delta_s96
CHAIN_DONE r3_loop_l2x4_delta_s96 PSNR: 22.069
EXIT 0 r3_loop_l2x4_delta_s97
CHAIN_DONE r3_loop_l2x4_delta_s97 PSNR: 22.111
EXIT 0 r3_loop_l2x6_delta_s95
CHAIN_DONE r3_loop_l2x6_delta_s95 PSNR: 22.648
EXIT 0 r4_loop_l2x4_delta_sup_s95
CHAIN_DONE r4_loop_l2x4_delta_sup_s95 PSNR: 22.307
EXIT 0 r4_loop_l2x4_sup_s96
CHAIN_DONE r4_loop_l2x4_sup_s96 PSNR: 22.130
EXIT 0 r4_loop_l2x4_sup_s97
CHAIN_DONE r4_loop_l2x4_sup_s97 PSNR: 22.154
EXIT 0 r5_loop_l2x5_lj_delta_s95
CHAIN_DONE r5_loop_l2x5_lj_delta_s95 PSNR: 20.540
EXIT 0 r5_loop_l2x4_rfb_s95
CHAIN_DONE r5_loop_l2x4_rfb_s95 PSNR: 22.002
EXIT 0 r5_loop_l2x4_gates_s95
CHAIN_DONE r5_loop_l2x4_gates_s95 PSNR: 22.244
EXIT 0 r5_loop_l2x4_chunk_s95
CHAIN_DONE r5_loop_l2x4_chunk_s95 PSNR: 20.939
EXIT 0 r5_loop_l2x6_rh_delta_s95
CHAIN_DONE r5_loop_l2x6_rh_delta_s95 PSNR: 21.283
EXIT 0 r5_loop_l2x4_sfm_s95
CHAIN_DONE r5_loop_l2x4_sfm_s95 PSNR: 20.239
